# JRE version: Java(TM) SE Runtime Environment (8.0_91-b14) (build 1.8.0_91-b14)
# Java VM: Java HotSpot(TM) 64-Bit Server VM (25.91-b14 mixed mode linux-amd64 compressed oops)
Heap:
 PSYoungGen      total 502272K, used 473934K [0x000000076ca00000, 0x000000078ca00000, 0x00000007c0000000)
  eden space 492032K, 94% used [0x000000076ca00000,0x0000000788f398a8,0x000000078aa80000)
  from space 10240K, 96% used [0x000000078bd00000,0x000000078c69a238,0x000000078c700000)
  to   space 3072K, 0% used [0x000000078c700000,0x000000078c700000,0x000000078ca00000)
 ParOldGen       total 100864K, used 10955K [0x00000006c5e00000, 0x00000006cc080000, 0x000000076ca00000)
  object space 100864K, 10% used [0x00000006c5e00000,0x00000006c68b2fb0,0x00000006cc080000)
 Metaspace       used 29398K, capacity 29984K, committed 30256K, reserved 1075200K
  class space    used 3442K, capacity 3626K, committed 3632K, reserved 1048576K
GC Heap History (10 events):
Event: 1.048 GC heap before
{Heap before GC invocations=6 (full 0):
 PSYoungGen      total 139776K, used 134607K [0x000000076ca00000, 0x000000077d400000, 0x00000007c0000000)
  eden space 129024K, 100% used [0x000000076ca00000,0x0000000774800000,0x0000000774800000)
  from space 10752K, 51% used [0x0000000774800000,0x0000000774d73f88,0x0000000775280000)
  to   space 7168K, 0% used [0x000000077cd00000,0x000000077cd00000,0x000000077d400000)
 ParOldGen       total 172032K, used 112K [0x00000006c5e00000, 0x00000006d0600000, 0x000000076ca00000)
  object space 172032K, 0% used [0x00000006c5e00000,0x00000006c5e1c010,0x00000006d0600000)
 Metaspace       used 17910K, capacity 18306K, committed 18560K, reserved 1064960K
  class space    used 2212K, capacity 2337K, committed 2432K, reserved 1048576K
Event: 1.054 GC heap after
Heap after GC invocations=6 (full 0):
 PSYoungGen      total 265216K, used 5937K [0x000000076ca00000, 0x000000077d400000, 0x00000007c0000000)
  eden space 258048K, 0% used [0x000000076ca00000,0x000000076ca00000,0x000000077c600000)
  from space 7168K, 82% used [0x000000077cd00000,0x000000077d2cc7b8,0x000000077d400000)
  to   space 7168K, 0% used [0x000000077c600000,0x000000077c600000,0x000000077cd00000)
 ParOldGen       total 172032K, used 120K [0x00000006c5e00000, 0x00000006d0600000, 0x000000076ca00000)
  object space 172032K, 0% used [0x00000006c5e00000,0x00000006c5e1e010,0x00000006d0600000)
 Metaspace       used 17910K, capacity 18306K, committed 18560K, reserved 1064960K
  class space    used 2212K, capacity 2337K, committed 2432K, reserved 1048576K
}
Event: 1.240 GC heap before
{Heap before GC invocations=7 (full 0):
 PSYoungGen      total 265216K, used 77092K [0x000000076ca00000, 0x000000077d400000, 0x00000007c0000000)
  eden space 258048K, 27% used [0x000000076ca00000,0x0000000770f7c9c0,0x000000077c600000)
  from space 7168K, 82% used [0x000000077cd00000,0x000000077d2cc7b8,0x000000077d400000)
  to   space 7168K, 0% used [0x000000077c600000,0x000000077c600000,0x000000077cd00000)
 ParOldGen       total 172032K, used 120K [0x00000006c5e00000, 0x00000006d0600000, 0x000000076ca00000)
  object space 172032K, 0% used [0x00000006c5e00000,0x00000006c5e1e010,0x00000006d0600000)
 Metaspace       used 20757K, capacity 21150K, committed 21296K, reserved 1067008K
  class space    used 2699K, capacity 2827K, committed 2864K, reserved 1048576K
Event: 1.246 GC heap after
Heap after GC invocations=7 (full 0):
 PSYoungGen      total 265216K, used 2704K [0x000000076ca00000, 0x000000078d100000, 0x00000007c0000000)
  eden space 258048K, 0% used [0x000000076ca00000,0x000000076ca00000,0x000000077c600000)
  from space 7168K, 37% used [0x000000077c600000,0x000000077c8a4010,0x000000077cd00000)
  to   space 7680K, 0% used [0x000000078c980000,0x000000078c980000,0x000000078d100000)
 ParOldGen       total 172032K, used 4483K [0x00000006c5e00000, 0x00000006d0600000, 0x000000076ca00000)
  object space 172032K, 2% used [0x00000006c5e00000,0x00000006c6260e40,0x00000006d0600000)
 Metaspace       used 20757K, capacity 21150K, committed 21296K, reserved 1067008K
  class space    used 2699K, capacity 2827K, committed 2864K, reserved 1048576K
}
Event: 1.246 GC heap before
{Heap before GC invocations=8 (full 1):
 PSYoungGen      total 265216K, used 2704K [0x000000076ca00000, 0x000000078d100000, 0x00000007c0000000)
  eden space 258048K, 0% used [0x000000076ca00000,0x000000076ca00000,0x000000077c600000)
  from space 7168K, 37% used [0x000000077c600000,0x000000077c8a4010,0x000000077cd00000)
  to   space 7680K, 0% used [0x000000078c980000,0x000000078c980000,0x000000078d100000)
 ParOldGen       total 172032K, used 4483K [0x00000006c5e00000, 0x00000006d0600000, 0x000000076ca00000)
  object space 172032K, 2% used [0x00000006c5e00000,0x00000006c6260e40,0x00000006d0600000)
 Metaspace       used 20757K, capacity 21150K, committed 21296K, reserved 1067008K
  class space    used 2699K, capacity 2827K, committed 2864K, reserved 1048576K
Event: 1.278 GC heap after
Heap after GC invocations=8 (full 1):
 PSYoungGen      total 265216K, used 0K [0x000000076ca00000, 0x000000078d100000, 0x00000007c0000000)
  eden space 258048K, 0% used [0x000000076ca00000,0x000000076ca00000,0x000000077c600000)
  from space 7168K, 0% used [0x000000077c600000,0x000000077c600000,0x000000077cd00000)
  to   space 7680K, 0% used [0x000000078c980000,0x000000078c980000,0x000000078d100000)
 ParOldGen       total 100864K, used 6928K [0x00000006c5e00000, 0x00000006cc080000, 0x000000076ca00000)
  object space 100864K, 6% used [0x00000006c5e00000,0x00000006c64c42b0,0x00000006cc080000)
 Metaspace       used 20757K, capacity 21150K, committed 21296K, reserved 1067008K
  class space    used 2699K, capacity 2827K, committed 2864K, reserved 1048576K
}
Event: 799.503 GC heap before
{Heap before GC invocations=9 (full 1):
 PSYoungGen      total 265216K, used 258048K [0x000000076ca00000, 0x000000078d100000, 0x00000007c0000000)
  eden space 258048K, 100% used [0x000000076ca00000,0x000000077c600000,0x000000077c600000)
  from space 7168K, 0% used [0x000000077c600000,0x000000077c600000,0x000000077cd00000)
  to   space 7680K, 0% used [0x000000078c980000,0x000000078c980000,0x000000078d100000)
 ParOldGen       total 100864K, used 6928K [0x00000006c5e00000, 0x00000006cc080000, 0x000000076ca00000)
  object space 100864K, 6% used [0x00000006c5e00000,0x00000006c64c42b0,0x00000006cc080000)
 Metaspace       used 27561K, capacity 28146K, committed 28464K, reserved 1075200K
  class space    used 3391K, capacity 3581K, committed 3632K, reserved 1048576K
Event: 799.515 GC heap after
Heap after GC invocations=9 (full 1):
 PSYoungGen      total 397312K, used 7649K [0x000000076ca00000, 0x000000078d100000, 0x00000007c0000000)
  eden space 389632K, 0% used [0x000000076ca00000,0x000000076ca00000,0x0000000784680000)
  from space 7680K, 99% used [0x000000078c980000,0x000000078d0f8758,0x000000078d100000)
  to   space 10240K, 0% used [0x000000078bd00000,0x000000078bd00000,0x000000078c700000)
 ParOldGen       total 100864K, used 10947K [0x00000006c5e00000, 0x00000006cc080000, 0x000000076ca00000)
  object space 100864K, 10% used [0x00000006c5e00000,0x00000006c68b0fb0,0x00000006cc080000)
 Metaspace       used 27561K, capacity 28146K, committed 28464K, reserved 1075200K
  class space    used 3391K, capacity 3581K, committed 3632K, reserved 1048576K
}
Event: 1947.248 GC heap before
{Heap before GC invocations=10 (full 1):
 PSYoungGen      total 397312K, used 397281K [0x000000076ca00000, 0x000000078d100000, 0x00000007c0000000)
  eden space 389632K, 100% used [0x000000076ca00000,0x0000000784680000,0x0000000784680000)
  from space 7680K, 99% used [0x000000078c980000,0x000000078d0f8758,0x000000078d100000)
  to   space 10240K, 0% used [0x000000078bd00000,0x000000078bd00000,0x000000078c700000)
 ParOldGen       total 100864K, used 10947K [0x00000006c5e00000, 0x00000006cc080000, 0x000000076ca00000)
  object space 100864K, 10% used [0x00000006c5e00000,0x00000006c68b0fb0,0x00000006cc080000)
 Metaspace       used 28292K, capacity 28906K, committed 29232K, reserved 1075200K
  class space    used 3410K, capacity 3617K, committed 3632K, reserved 1048576K
Event: 1947.259 GC heap after
Heap after GC invocations=10 (full 1):
 PSYoungGen      total 502272K, used 9832K [0x000000076ca00000, 0x000000078ca00000, 0x00000007c0000000)
  eden space 492032K, 0% used [0x000000076ca00000,0x000000076ca00000,0x000000078aa80000)
  from space 10240K, 96% used [0x000000078bd00000,0x000000078c69a238,0x000000078c700000)
  to   space 3072K, 0% used [0x000000078c700000,0x000000078c700000,0x000000078ca00000)
 ParOldGen       total 100864K, used 10955K [0x00000006c5e00000, 0x00000006cc080000, 0x000000076ca00000)
  object space 100864K, 10% used [0x00000006c5e00000,0x00000006c68b2fb0,0x00000006cc080000)
 Metaspace       used 28292K, capacity 28906K, committed 29232K, reserved 1075200K
  class space    used 3410K, capacity 3617K, committed 3632K, reserved 1048576K
}

